2020-06-26T05:37:17.909359Z 0 [Warning] [MY-011070] [Server] 'Disabling symbolic links using --skip-symbolic-links (or equivalent) is the default. Consider not using this option as it' is deprecated and will be removed in a future release.
2020-06-26T05:37:17.909382Z 0 [Warning] [MY-011068] [Server] The syntax 'expire-logs-days' is deprecated and will be removed in a future release. Please use binlog_expire_logs_seconds instead.
2020-06-26T05:37:17.910205Z 0 [System] [MY-010116] [Server] /usr/sbin/mysqld (mysqld 8.0.18) starting as process 1
2020-06-26T05:37:18.671096Z 0 [Warning] [MY-010068] [Server] CA certificate ca.pem is self signed.
2020-06-26T05:37:18.679937Z 0 [Warning] [MY-011810] [Server] Insecure configuration for --pid-file: Location '/var/run/mysqld' in the path is accessible to all OS users. Consider choosing a different directory.
2020-06-26T05:37:18.712556Z 0 [System] [MY-010931] [Server] /usr/sbin/mysqld: ready for connections. Version: '8.0.18'  socket: '/var/run/mysqld/mysqld.sock'  port: 3306  MySQL Community Server - GPL.
2020-06-26T05:37:18.817536Z 0 [System] [MY-011323] [Server] X Plugin ready for connections. Socket: '/var/run/mysqld/mysqlx.sock' bind-address: '::' port: 33060
mbind: Operation not permitted
2020-06-26T05:38:06.900963Z 0 [Warning] [MY-010909] [Server] /usr/sbin/mysqld: Forcing close of thread 8  user: 'root'.
2020-06-26T05:38:07.789143Z 0 [System] [MY-010910] [Server] /usr/sbin/mysqld: Shutdown complete (mysqld 8.0.18)  MySQL Community Server - GPL.
2020-06-26T05:38:11.483237Z 0 [Warning] [MY-011070] [Server] 'Disabling symbolic links using --skip-symbolic-links (or equivalent) is the default. Consider not using this option as it' is deprecated and will be removed in a future release.
2020-06-26T05:38:11.483258Z 0 [Warning] [MY-011068] [Server] The syntax 'expire-logs-days' is deprecated and will be removed in a future release. Please use binlog_expire_logs_seconds instead.
2020-06-26T05:38:11.483823Z 0 [System] [MY-010116] [Server] /usr/sbin/mysqld (mysqld 8.0.18) starting as process 1
2020-06-26T05:38:12.327370Z 0 [Warning] [MY-010068] [Server] CA certificate ca.pem is self signed.
2020-06-26T05:38:12.337914Z 0 [Warning] [MY-011810] [Server] Insecure configuration for --pid-file: Location '/var/run/mysqld' in the path is accessible to all OS users. Consider choosing a different directory.
2020-06-26T05:38:12.377910Z 0 [System] [MY-010931] [Server] /usr/sbin/mysqld: ready for connections. Version: '8.0.18'  socket: '/var/run/mysqld/mysqld.sock'  port: 3306  MySQL Community Server - GPL.
2020-06-26T05:38:12.471920Z 0 [System] [MY-011323] [Server] X Plugin ready for connections. Socket: '/var/run/mysqld/mysqlx.sock' bind-address: '::' port: 33060
2020-06-26T07:32:41.360676Z 0 [System] [MY-010910] [Server] /usr/sbin/mysqld: Shutdown complete (mysqld 8.0.18)  MySQL Community Server - GPL.
2020-06-26T07:42:18.134059Z 0 [Warning] [MY-011070] [Server] 'Disabling symbolic links using --skip-symbolic-links (or equivalent) is the default. Consider not using this option as it' is deprecated and will be removed in a future release.
2020-06-26T07:42:18.134080Z 0 [Warning] [MY-011068] [Server] The syntax 'expire-logs-days' is deprecated and will be removed in a future release. Please use binlog_expire_logs_seconds instead.
2020-06-26T07:42:18.134778Z 0 [System] [MY-010116] [Server] /usr/sbin/mysqld (mysqld 8.0.18) starting as process 1
2020-06-26T07:42:18.937799Z 0 [Warning] [MY-010068] [Server] CA certificate ca.pem is self signed.
2020-06-26T07:42:18.947908Z 0 [Warning] [MY-011810] [Server] Insecure configuration for --pid-file: Location '/var/run/mysqld' in the path is accessible to all OS users. Consider choosing a different directory.
2020-06-26T07:42:18.991239Z 0 [System] [MY-010931] [Server] /usr/sbin/mysqld: ready for connections. Version: '8.0.18'  socket: '/var/run/mysqld/mysqld.sock'  port: 3306  MySQL Community Server - GPL.
2020-06-26T07:42:19.128593Z 0 [System] [MY-011323] [Server] X Plugin ready for connections. Socket: '/var/run/mysqld/mysqlx.sock' bind-address: '::' port: 33060
2020-06-26T07:43:37.575494Z 0 [System] [MY-010910] [Server] /usr/sbin/mysqld: Shutdown complete (mysqld 8.0.18)  MySQL Community Server - GPL.
2020-06-26T07:43:41.592257Z 0 [Warning] [MY-011070] [Server] 'Disabling symbolic links using --skip-symbolic-links (or equivalent) is the default. Consider not using this option as it' is deprecated and will be removed in a future release.
2020-06-26T07:43:41.592277Z 0 [Warning] [MY-011068] [Server] The syntax 'expire-logs-days' is deprecated and will be removed in a future release. Please use binlog_expire_logs_seconds instead.
2020-06-26T07:43:41.593097Z 0 [System] [MY-010116] [Server] /usr/sbin/mysqld (mysqld 8.0.18) starting as process 1
2020-06-26T07:43:42.451928Z 0 [Warning] [MY-010068] [Server] CA certificate ca.pem is self signed.
2020-06-26T07:43:42.462779Z 0 [Warning] [MY-011810] [Server] Insecure configuration for --pid-file: Location '/var/run/mysqld' in the path is accessible to all OS users. Consider choosing a different directory.
2020-06-26T07:43:42.506890Z 0 [System] [MY-010931] [Server] /usr/sbin/mysqld: ready for connections. Version: '8.0.18'  socket: '/var/run/mysqld/mysqld.sock'  port: 3306  MySQL Community Server - GPL.
2020-06-26T07:43:42.620817Z 0 [System] [MY-011323] [Server] X Plugin ready for connections. Socket: '/var/run/mysqld/mysqlx.sock' bind-address: '::' port: 33060
2020-06-26T07:44:18.905783Z 0 [System] [MY-010910] [Server] /usr/sbin/mysqld: Shutdown complete (mysqld 8.0.18)  MySQL Community Server - GPL.
2020-06-26T07:44:25.063975Z 0 [Warning] [MY-011070] [Server] 'Disabling symbolic links using --skip-symbolic-links (or equivalent) is the default. Consider not using this option as it' is deprecated and will be removed in a future release.
2020-06-26T07:44:25.063997Z 0 [Warning] [MY-011068] [Server] The syntax 'expire-logs-days' is deprecated and will be removed in a future release. Please use binlog_expire_logs_seconds instead.
2020-06-26T07:44:25.064786Z 0 [System] [MY-010116] [Server] /usr/sbin/mysqld (mysqld 8.0.18) starting as process 1
2020-06-26T07:44:25.798123Z 0 [Warning] [MY-010068] [Server] CA certificate ca.pem is self signed.
2020-06-26T07:44:25.806515Z 0 [Warning] [MY-011810] [Server] Insecure configuration for --pid-file: Location '/var/run/mysqld' in the path is accessible to all OS users. Consider choosing a different directory.
2020-06-26T07:44:25.850084Z 0 [System] [MY-010931] [Server] /usr/sbin/mysqld: ready for connections. Version: '8.0.18'  socket: '/var/run/mysqld/mysqld.sock'  port: 3306  MySQL Community Server - GPL.
2020-06-26T07:44:25.990481Z 0 [System] [MY-011323] [Server] X Plugin ready for connections. Socket: '/var/run/mysqld/mysqlx.sock' bind-address: '::' port: 33060
2020-06-26T07:54:43.754772Z 0 [System] [MY-010910] [Server] /usr/sbin/mysqld: Shutdown complete (mysqld 8.0.18)  MySQL Community Server - GPL.
2020-06-26T07:54:55.776060Z 0 [Warning] [MY-011070] [Server] 'Disabling symbolic links using --skip-symbolic-links (or equivalent) is the default. Consider not using this option as it' is deprecated and will be removed in a future release.
2020-06-26T07:54:55.776079Z 0 [Warning] [MY-011068] [Server] The syntax 'expire-logs-days' is deprecated and will be removed in a future release. Please use binlog_expire_logs_seconds instead.
2020-06-26T07:54:55.776714Z 0 [System] [MY-010116] [Server] /usr/sbin/mysqld (mysqld 8.0.18) starting as process 1
2020-06-26T07:54:56.641187Z 0 [Warning] [MY-010068] [Server] CA certificate ca.pem is self signed.
2020-06-26T07:54:56.655933Z 0 [Warning] [MY-011810] [Server] Insecure configuration for --pid-file: Location '/var/run/mysqld' in the path is accessible to all OS users. Consider choosing a different directory.
2020-06-26T07:54:56.717158Z 0 [System] [MY-010931] [Server] /usr/sbin/mysqld: ready for connections. Version: '8.0.18'  socket: '/var/run/mysqld/mysqld.sock'  port: 3306  MySQL Community Server - GPL.
2020-06-26T07:54:56.775470Z 0 [System] [MY-011323] [Server] X Plugin ready for connections. Socket: '/var/run/mysqld/mysqlx.sock' bind-address: '::' port: 33060
2020-06-26T07:57:30.166901Z 0 [System] [MY-010910] [Server] /usr/sbin/mysqld: Shutdown complete (mysqld 8.0.18)  MySQL Community Server - GPL.
2020-06-26T07:58:04.651575Z 0 [Warning] [MY-011070] [Server] 'Disabling symbolic links using --skip-symbolic-links (or equivalent) is the default. Consider not using this option as it' is deprecated and will be removed in a future release.
2020-06-26T07:58:04.651592Z 0 [Warning] [MY-011068] [Server] The syntax 'expire-logs-days' is deprecated and will be removed in a future release. Please use binlog_expire_logs_seconds instead.
2020-06-26T07:58:04.652216Z 0 [System] [MY-010116] [Server] /usr/sbin/mysqld (mysqld 8.0.18) starting as process 1
2020-06-26T07:58:05.437687Z 0 [Warning] [MY-010068] [Server] CA certificate ca.pem is self signed.
2020-06-26T07:58:05.449069Z 0 [Warning] [MY-011810] [Server] Insecure configuration for --pid-file: Location '/var/run/mysqld' in the path is accessible to all OS users. Consider choosing a different directory.
2020-06-26T07:58:05.496964Z 0 [System] [MY-010931] [Server] /usr/sbin/mysqld: ready for connections. Version: '8.0.18'  socket: '/var/run/mysqld/mysqld.sock'  port: 3306  MySQL Community Server - GPL.
2020-06-26T07:58:05.626858Z 0 [System] [MY-011323] [Server] X Plugin ready for connections. Socket: '/var/run/mysqld/mysqlx.sock' bind-address: '::' port: 33060
2020-06-26T07:58:41.930491Z 0 [System] [MY-010910] [Server] /usr/sbin/mysqld: Shutdown complete (mysqld 8.0.18)  MySQL Community Server - GPL.
2020-06-26T07:58:47.002462Z 0 [Warning] [MY-011070] [Server] 'Disabling symbolic links using --skip-symbolic-links (or equivalent) is the default. Consider not using this option as it' is deprecated and will be removed in a future release.
2020-06-26T07:58:47.002494Z 0 [Warning] [MY-011068] [Server] The syntax 'expire-logs-days' is deprecated and will be removed in a future release. Please use binlog_expire_logs_seconds instead.
2020-06-26T07:58:47.003232Z 0 [System] [MY-010116] [Server] /usr/sbin/mysqld (mysqld 8.0.18) starting as process 1
2020-06-26T07:58:47.922340Z 0 [Warning] [MY-010068] [Server] CA certificate ca.pem is self signed.
2020-06-26T07:58:47.934391Z 0 [Warning] [MY-011810] [Server] Insecure configuration for --pid-file: Location '/var/run/mysqld' in the path is accessible to all OS users. Consider choosing a different directory.
2020-06-26T07:58:47.983341Z 0 [System] [MY-010931] [Server] /usr/sbin/mysqld: ready for connections. Version: '8.0.18'  socket: '/var/run/mysqld/mysqld.sock'  port: 3306  MySQL Community Server - GPL.
2020-06-26T07:58:48.085957Z 0 [System] [MY-011323] [Server] X Plugin ready for connections. Socket: '/var/run/mysqld/mysqlx.sock' bind-address: '::' port: 33060
2020-06-26T08:00:03.424489Z 0 [System] [MY-010910] [Server] /usr/sbin/mysqld: Shutdown complete (mysqld 8.0.18)  MySQL Community Server - GPL.
2020-06-26T08:00:32.401662Z 0 [Warning] [MY-011070] [Server] 'Disabling symbolic links using --skip-symbolic-links (or equivalent) is the default. Consider not using this option as it' is deprecated and will be removed in a future release.
2020-06-26T08:00:32.401681Z 0 [Warning] [MY-011068] [Server] The syntax 'expire-logs-days' is deprecated and will be removed in a future release. Please use binlog_expire_logs_seconds instead.
2020-06-26T08:00:32.402337Z 0 [System] [MY-010116] [Server] /usr/sbin/mysqld (mysqld 8.0.18) starting as process 1
2020-06-26T08:00:33.278686Z 0 [Warning] [MY-010068] [Server] CA certificate ca.pem is self signed.
2020-06-26T08:00:33.287917Z 0 [Warning] [MY-011810] [Server] Insecure configuration for --pid-file: Location '/var/run/mysqld' in the path is accessible to all OS users. Consider choosing a different directory.
2020-06-26T08:00:33.331572Z 0 [System] [MY-010931] [Server] /usr/sbin/mysqld: ready for connections. Version: '8.0.18'  socket: '/var/run/mysqld/mysqld.sock'  port: 3306  MySQL Community Server - GPL.
2020-06-26T08:00:33.458428Z 0 [System] [MY-011323] [Server] X Plugin ready for connections. Socket: '/var/run/mysqld/mysqlx.sock' bind-address: '::' port: 33060
2020-06-26T08:03:23.865200Z 0 [System] [MY-010910] [Server] /usr/sbin/mysqld: Shutdown complete (mysqld 8.0.18)  MySQL Community Server - GPL.
2020-06-26T08:03:29.164152Z 0 [Warning] [MY-011070] [Server] 'Disabling symbolic links using --skip-symbolic-links (or equivalent) is the default. Consider not using this option as it' is deprecated and will be removed in a future release.
2020-06-26T08:03:29.164171Z 0 [Warning] [MY-011068] [Server] The syntax 'expire-logs-days' is deprecated and will be removed in a future release. Please use binlog_expire_logs_seconds instead.
2020-06-26T08:03:29.164755Z 0 [System] [MY-010116] [Server] /usr/sbin/mysqld (mysqld 8.0.18) starting as process 1
2020-06-26T08:03:29.946971Z 0 [Warning] [MY-010068] [Server] CA certificate ca.pem is self signed.
2020-06-26T08:03:29.956507Z 0 [Warning] [MY-011810] [Server] Insecure configuration for --pid-file: Location '/var/run/mysqld' in the path is accessible to all OS users. Consider choosing a different directory.
2020-06-26T08:03:30.000567Z 0 [System] [MY-010931] [Server] /usr/sbin/mysqld: ready for connections. Version: '8.0.18'  socket: '/var/run/mysqld/mysqld.sock'  port: 3306  MySQL Community Server - GPL.
2020-06-26T08:03:30.086141Z 0 [System] [MY-011323] [Server] X Plugin ready for connections. Socket: '/var/run/mysqld/mysqlx.sock' bind-address: '::' port: 33060
2020-06-26T08:04:27.465945Z 0 [System] [MY-010910] [Server] /usr/sbin/mysqld: Shutdown complete (mysqld 8.0.18)  MySQL Community Server - GPL.
2020-06-26T08:04:32.236927Z 0 [Warning] [MY-011070] [Server] 'Disabling symbolic links using --skip-symbolic-links (or equivalent) is the default. Consider not using this option as it' is deprecated and will be removed in a future release.
2020-06-26T08:04:32.236952Z 0 [Warning] [MY-011068] [Server] The syntax 'expire-logs-days' is deprecated and will be removed in a future release. Please use binlog_expire_logs_seconds instead.
2020-06-26T08:04:32.238163Z 0 [System] [MY-010116] [Server] /usr/sbin/mysqld (mysqld 8.0.18) starting as process 1
2020-06-26T08:04:33.177413Z 0 [Warning] [MY-010068] [Server] CA certificate ca.pem is self signed.
2020-06-26T08:04:33.191781Z 0 [Warning] [MY-011810] [Server] Insecure configuration for --pid-file: Location '/var/run/mysqld' in the path is accessible to all OS users. Consider choosing a different directory.
2020-06-26T08:04:33.242056Z 0 [System] [MY-010931] [Server] /usr/sbin/mysqld: ready for connections. Version: '8.0.18'  socket: '/var/run/mysqld/mysqld.sock'  port: 3306  MySQL Community Server - GPL.
2020-06-26T08:04:33.373188Z 0 [System] [MY-011323] [Server] X Plugin ready for connections. Socket: '/var/run/mysqld/mysqlx.sock' bind-address: '::' port: 33060
2020-06-26T08:06:09.738692Z 0 [System] [MY-010910] [Server] /usr/sbin/mysqld: Shutdown complete (mysqld 8.0.18)  MySQL Community Server - GPL.
2020-06-26T08:06:16.275653Z 0 [Warning] [MY-011070] [Server] 'Disabling symbolic links using --skip-symbolic-links (or equivalent) is the default. Consider not using this option as it' is deprecated and will be removed in a future release.
2020-06-26T08:06:16.275672Z 0 [Warning] [MY-011068] [Server] The syntax 'expire-logs-days' is deprecated and will be removed in a future release. Please use binlog_expire_logs_seconds instead.
2020-06-26T08:06:16.276450Z 0 [System] [MY-010116] [Server] /usr/sbin/mysqld (mysqld 8.0.18) starting as process 1
2020-06-26T08:06:17.295324Z 0 [Warning] [MY-010068] [Server] CA certificate ca.pem is self signed.
2020-06-26T08:06:17.307320Z 0 [Warning] [MY-011810] [Server] Insecure configuration for --pid-file: Location '/var/run/mysqld' in the path is accessible to all OS users. Consider choosing a different directory.
2020-06-26T08:06:17.352667Z 0 [System] [MY-010931] [Server] /usr/sbin/mysqld: ready for connections. Version: '8.0.18'  socket: '/var/run/mysqld/mysqld.sock'  port: 3306  MySQL Community Server - GPL.
2020-06-26T08:06:17.458596Z 0 [System] [MY-011323] [Server] X Plugin ready for connections. Socket: '/var/run/mysqld/mysqlx.sock' bind-address: '::' port: 33060
2020-06-26T08:06:53.769325Z 0 [System] [MY-010910] [Server] /usr/sbin/mysqld: Shutdown complete (mysqld 8.0.18)  MySQL Community Server - GPL.
2020-06-26T08:07:27.083319Z 0 [Warning] [MY-011070] [Server] 'Disabling symbolic links using --skip-symbolic-links (or equivalent) is the default. Consider not using this option as it' is deprecated and will be removed in a future release.
2020-06-26T08:07:27.083341Z 0 [Warning] [MY-011068] [Server] The syntax 'expire-logs-days' is deprecated and will be removed in a future release. Please use binlog_expire_logs_seconds instead.
2020-06-26T08:07:27.083927Z 0 [System] [MY-010116] [Server] /usr/sbin/mysqld (mysqld 8.0.18) starting as process 1
2020-06-26T08:07:28.162693Z 0 [Warning] [MY-010068] [Server] CA certificate ca.pem is self signed.
2020-06-26T08:07:28.176700Z 0 [Warning] [MY-011810] [Server] Insecure configuration for --pid-file: Location '/var/run/mysqld' in the path is accessible to all OS users. Consider choosing a different directory.
2020-06-26T08:07:28.232517Z 0 [System] [MY-010931] [Server] /usr/sbin/mysqld: ready for connections. Version: '8.0.18'  socket: '/var/run/mysqld/mysqld.sock'  port: 3306  MySQL Community Server - GPL.
2020-06-26T08:07:28.280233Z 0 [System] [MY-011323] [Server] X Plugin ready for connections. Socket: '/var/run/mysqld/mysqlx.sock' bind-address: '::' port: 33060
2020-06-26T08:07:54.507675Z 0 [System] [MY-010910] [Server] /usr/sbin/mysqld: Shutdown complete (mysqld 8.0.18)  MySQL Community Server - GPL.
2020-06-26T08:07:59.451949Z 0 [Warning] [MY-011070] [Server] 'Disabling symbolic links using --skip-symbolic-links (or equivalent) is the default. Consider not using this option as it' is deprecated and will be removed in a future release.
2020-06-26T08:07:59.451974Z 0 [Warning] [MY-011068] [Server] The syntax 'expire-logs-days' is deprecated and will be removed in a future release. Please use binlog_expire_logs_seconds instead.
2020-06-26T08:07:59.452685Z 0 [System] [MY-010116] [Server] /usr/sbin/mysqld (mysqld 8.0.18) starting as process 1
2020-06-26T08:08:00.123981Z 0 [Warning] [MY-010068] [Server] CA certificate ca.pem is self signed.
2020-06-26T08:08:00.134644Z 0 [Warning] [MY-011810] [Server] Insecure configuration for --pid-file: Location '/var/run/mysqld' in the path is accessible to all OS users. Consider choosing a different directory.
2020-06-26T08:08:00.169887Z 0 [System] [MY-010931] [Server] /usr/sbin/mysqld: ready for connections. Version: '8.0.18'  socket: '/var/run/mysqld/mysqld.sock'  port: 3306  MySQL Community Server - GPL.
2020-06-26T08:08:00.312847Z 0 [System] [MY-011323] [Server] X Plugin ready for connections. Socket: '/var/run/mysqld/mysqlx.sock' bind-address: '::' port: 33060
2020-06-26T08:08:35.274816Z 0 [System] [MY-010910] [Server] /usr/sbin/mysqld: Shutdown complete (mysqld 8.0.18)  MySQL Community Server - GPL.
2020-06-26T08:08:41.660698Z 0 [Warning] [MY-011070] [Server] 'Disabling symbolic links using --skip-symbolic-links (or equivalent) is the default. Consider not using this option as it' is deprecated and will be removed in a future release.
2020-06-26T08:08:41.660718Z 0 [Warning] [MY-011068] [Server] The syntax 'expire-logs-days' is deprecated and will be removed in a future release. Please use binlog_expire_logs_seconds instead.
2020-06-26T08:08:41.661166Z 0 [System] [MY-010116] [Server] /usr/sbin/mysqld (mysqld 8.0.18) starting as process 1
2020-06-26T08:08:42.340864Z 0 [Warning] [MY-010068] [Server] CA certificate ca.pem is self signed.
2020-06-26T08:08:42.351375Z 0 [Warning] [MY-011810] [Server] Insecure configuration for --pid-file: Location '/var/run/mysqld' in the path is accessible to all OS users. Consider choosing a different directory.
2020-06-26T08:08:42.388744Z 0 [System] [MY-010931] [Server] /usr/sbin/mysqld: ready for connections. Version: '8.0.18'  socket: '/var/run/mysqld/mysqld.sock'  port: 3306  MySQL Community Server - GPL.
2020-06-26T08:08:42.491504Z 0 [System] [MY-011323] [Server] X Plugin ready for connections. Socket: '/var/run/mysqld/mysqlx.sock' bind-address: '::' port: 33060
2020-06-26T08:09:24.519176Z 0 [System] [MY-010910] [Server] /usr/sbin/mysqld: Shutdown complete (mysqld 8.0.18)  MySQL Community Server - GPL.
2020-06-26T08:09:27.484775Z 0 [Warning] [MY-011070] [Server] 'Disabling symbolic links using --skip-symbolic-links (or equivalent) is the default. Consider not using this option as it' is deprecated and will be removed in a future release.
2020-06-26T08:09:27.484794Z 0 [Warning] [MY-011068] [Server] The syntax 'expire-logs-days' is deprecated and will be removed in a future release. Please use binlog_expire_logs_seconds instead.
2020-06-26T08:09:27.485645Z 0 [System] [MY-010116] [Server] /usr/sbin/mysqld (mysqld 8.0.18) starting as process 1
2020-06-26T08:09:28.231871Z 0 [Warning] [MY-010068] [Server] CA certificate ca.pem is self signed.
2020-06-26T08:09:28.240888Z 0 [Warning] [MY-011810] [Server] Insecure configuration for --pid-file: Location '/var/run/mysqld' in the path is accessible to all OS users. Consider choosing a different directory.
2020-06-26T08:09:28.275855Z 0 [System] [MY-010931] [Server] /usr/sbin/mysqld: ready for connections. Version: '8.0.18'  socket: '/var/run/mysqld/mysqld.sock'  port: 3306  MySQL Community Server - GPL.
2020-06-26T08:09:28.422500Z 0 [System] [MY-011323] [Server] X Plugin ready for connections. Socket: '/var/run/mysqld/mysqlx.sock' bind-address: '::' port: 33060
2020-06-26T08:11:02.516322Z 0 [System] [MY-010910] [Server] /usr/sbin/mysqld: Shutdown complete (mysqld 8.0.18)  MySQL Community Server - GPL.
2020-06-26T08:11:06.222526Z 0 [Warning] [MY-011070] [Server] 'Disabling symbolic links using --skip-symbolic-links (or equivalent) is the default. Consider not using this option as it' is deprecated and will be removed in a future release.
2020-06-26T08:11:06.222546Z 0 [Warning] [MY-011068] [Server] The syntax 'expire-logs-days' is deprecated and will be removed in a future release. Please use binlog_expire_logs_seconds instead.
2020-06-26T08:11:06.223003Z 0 [System] [MY-010116] [Server] /usr/sbin/mysqld (mysqld 8.0.18) starting as process 1
2020-06-26T08:11:06.831889Z 0 [Warning] [MY-010068] [Server] CA certificate ca.pem is self signed.
2020-06-26T08:11:06.841335Z 0 [Warning] [MY-011810] [Server] Insecure configuration for --pid-file: Location '/var/run/mysqld' in the path is accessible to all OS users. Consider choosing a different directory.
2020-06-26T08:11:06.872369Z 0 [System] [MY-010931] [Server] /usr/sbin/mysqld: ready for connections. Version: '8.0.18'  socket: '/var/run/mysqld/mysqld.sock'  port: 3306  MySQL Community Server - GPL.
2020-06-26T08:11:07.028560Z 0 [System] [MY-011323] [Server] X Plugin ready for connections. Socket: '/var/run/mysqld/mysqlx.sock' bind-address: '::' port: 33060
2020-06-26T08:11:12.966323Z 0 [System] [MY-010910] [Server] /usr/sbin/mysqld: Shutdown complete (mysqld 8.0.18)  MySQL Community Server - GPL.
2020-06-26T08:11:39.978498Z 0 [Warning] [MY-011070] [Server] 'Disabling symbolic links using --skip-symbolic-links (or equivalent) is the default. Consider not using this option as it' is deprecated and will be removed in a future release.
2020-06-26T08:11:39.978516Z 0 [Warning] [MY-011068] [Server] The syntax 'expire-logs-days' is deprecated and will be removed in a future release. Please use binlog_expire_logs_seconds instead.
2020-06-26T08:11:39.979115Z 0 [System] [MY-010116] [Server] /usr/sbin/mysqld (mysqld 8.0.18) starting as process 1
2020-06-26T08:11:40.730573Z 0 [Warning] [MY-010068] [Server] CA certificate ca.pem is self signed.
2020-06-26T08:11:40.740028Z 0 [Warning] [MY-011810] [Server] Insecure configuration for --pid-file: Location '/var/run/mysqld' in the path is accessible to all OS users. Consider choosing a different directory.
2020-06-26T08:11:40.775900Z 0 [System] [MY-010931] [Server] /usr/sbin/mysqld: ready for connections. Version: '8.0.18'  socket: '/var/run/mysqld/mysqld.sock'  port: 3306  MySQL Community Server - GPL.
2020-06-26T08:11:40.881219Z 0 [System] [MY-011323] [Server] X Plugin ready for connections. Socket: '/var/run/mysqld/mysqlx.sock' bind-address: '::' port: 33060
2020-06-26T08:12:02.797240Z 0 [System] [MY-010910] [Server] /usr/sbin/mysqld: Shutdown complete (mysqld 8.0.18)  MySQL Community Server - GPL.
2020-06-26T08:12:11.744028Z 0 [Warning] [MY-011070] [Server] 'Disabling symbolic links using --skip-symbolic-links (or equivalent) is the default. Consider not using this option as it' is deprecated and will be removed in a future release.
2020-06-26T08:12:11.744051Z 0 [Warning] [MY-011068] [Server] The syntax 'expire-logs-days' is deprecated and will be removed in a future release. Please use binlog_expire_logs_seconds instead.
2020-06-26T08:12:11.744795Z 0 [System] [MY-010116] [Server] /usr/sbin/mysqld (mysqld 8.0.18) starting as process 1
2020-06-26T08:12:12.815294Z 0 [Warning] [MY-010068] [Server] CA certificate ca.pem is self signed.
2020-06-26T08:12:12.827978Z 0 [Warning] [MY-011810] [Server] Insecure configuration for --pid-file: Location '/var/run/mysqld' in the path is accessible to all OS users. Consider choosing a different directory.
2020-06-26T08:12:12.872072Z 0 [System] [MY-010931] [Server] /usr/sbin/mysqld: ready for connections. Version: '8.0.18'  socket: '/var/run/mysqld/mysqld.sock'  port: 3306  MySQL Community Server - GPL.
2020-06-26T08:12:12.977982Z 0 [System] [MY-011323] [Server] X Plugin ready for connections. Socket: '/var/run/mysqld/mysqlx.sock' bind-address: '::' port: 33060
2020-06-26T08:15:02.368092Z 0 [System] [MY-010910] [Server] /usr/sbin/mysqld: Shutdown complete (mysqld 8.0.18)  MySQL Community Server - GPL.
2020-06-26T08:16:05.667346Z 0 [Warning] [MY-011070] [Server] 'Disabling symbolic links using --skip-symbolic-links (or equivalent) is the default. Consider not using this option as it' is deprecated and will be removed in a future release.
2020-06-26T08:16:05.667372Z 0 [Warning] [MY-011068] [Server] The syntax 'expire-logs-days' is deprecated and will be removed in a future release. Please use binlog_expire_logs_seconds instead.
2020-06-26T08:16:05.671430Z 0 [System] [MY-010116] [Server] /usr/sbin/mysqld (mysqld 8.0.18) starting as process 1
2020-06-26T08:16:06.699240Z 0 [Warning] [MY-010068] [Server] CA certificate ca.pem is self signed.
2020-06-26T08:16:06.712926Z 0 [Warning] [MY-011810] [Server] Insecure configuration for --pid-file: Location '/var/run/mysqld' in the path is accessible to all OS users. Consider choosing a different directory.
2020-06-26T08:16:06.770086Z 0 [System] [MY-010931] [Server] /usr/sbin/mysqld: ready for connections. Version: '8.0.18'  socket: '/var/run/mysqld/mysqld.sock'  port: 3306  MySQL Community Server - GPL.
2020-06-26T08:16:06.872716Z 0 [System] [MY-011323] [Server] X Plugin ready for connections. Socket: '/var/run/mysqld/mysqlx.sock' bind-address: '::' port: 33060
2020-06-26T08:29:14.952627Z 0 [System] [MY-010910] [Server] /usr/sbin/mysqld: Shutdown complete (mysqld 8.0.18)  MySQL Community Server - GPL.
2020-06-26T08:29:47.244198Z 0 [Warning] [MY-011070] [Server] 'Disabling symbolic links using --skip-symbolic-links (or equivalent) is the default. Consider not using this option as it' is deprecated and will be removed in a future release.
2020-06-26T08:29:47.244236Z 0 [Warning] [MY-011068] [Server] The syntax 'expire-logs-days' is deprecated and will be removed in a future release. Please use binlog_expire_logs_seconds instead.
2020-06-26T08:29:47.244952Z 0 [System] [MY-010116] [Server] /usr/sbin/mysqld (mysqld 8.0.18) starting as process 1
2020-06-26T08:29:48.219426Z 0 [Warning] [MY-010068] [Server] CA certificate ca.pem is self signed.
2020-06-26T08:29:48.230798Z 0 [Warning] [MY-011810] [Server] Insecure configuration for --pid-file: Location '/var/run/mysqld' in the path is accessible to all OS users. Consider choosing a different directory.
2020-06-26T08:29:48.277323Z 0 [System] [MY-010931] [Server] /usr/sbin/mysqld: ready for connections. Version: '8.0.18'  socket: '/var/run/mysqld/mysqld.sock'  port: 3306  MySQL Community Server - GPL.
2020-06-26T08:29:48.385003Z 0 [System] [MY-011323] [Server] X Plugin ready for connections. Socket: '/var/run/mysqld/mysqlx.sock' bind-address: '::' port: 33060
2020-06-26T09:23:39.244986Z 0 [System] [MY-010910] [Server] /usr/sbin/mysqld: Shutdown complete (mysqld 8.0.18)  MySQL Community Server - GPL.
2020-06-28T01:35:46.065558Z 0 [Warning] [MY-011070] [Server] 'Disabling symbolic links using --skip-symbolic-links (or equivalent) is the default. Consider not using this option as it' is deprecated and will be removed in a future release.
2020-06-28T01:35:46.065583Z 0 [Warning] [MY-011068] [Server] The syntax 'expire-logs-days' is deprecated and will be removed in a future release. Please use binlog_expire_logs_seconds instead.
2020-06-28T01:35:46.066666Z 0 [System] [MY-010116] [Server] /usr/sbin/mysqld (mysqld 8.0.18) starting as process 1
2020-06-28T01:35:47.110737Z 0 [Warning] [MY-010068] [Server] CA certificate ca.pem is self signed.
2020-06-28T01:35:47.124061Z 0 [Warning] [MY-011810] [Server] Insecure configuration for --pid-file: Location '/var/run/mysqld' in the path is accessible to all OS users. Consider choosing a different directory.
2020-06-28T01:35:47.181947Z 0 [System] [MY-010931] [Server] /usr/sbin/mysqld: ready for connections. Version: '8.0.18'  socket: '/var/run/mysqld/mysqld.sock'  port: 3306  MySQL Community Server - GPL.
2020-06-28T01:35:47.272626Z 0 [System] [MY-011323] [Server] X Plugin ready for connections. Socket: '/var/run/mysqld/mysqlx.sock' bind-address: '::' port: 33060
2020-06-28T01:43:59.926610Z 0 [System] [MY-010910] [Server] /usr/sbin/mysqld: Shutdown complete (mysqld 8.0.18)  MySQL Community Server - GPL.
2020-06-28T01:44:42.941222Z 0 [Warning] [MY-011070] [Server] 'Disabling symbolic links using --skip-symbolic-links (or equivalent) is the default. Consider not using this option as it' is deprecated and will be removed in a future release.
2020-06-28T01:44:42.941284Z 0 [Warning] [MY-011068] [Server] The syntax 'expire-logs-days' is deprecated and will be removed in a future release. Please use binlog_expire_logs_seconds instead.
2020-06-28T01:44:42.941801Z 0 [System] [MY-010116] [Server] /usr/sbin/mysqld (mysqld 8.0.18) starting as process 1
2020-06-28T01:44:43.829750Z 0 [Warning] [MY-010068] [Server] CA certificate ca.pem is self signed.
2020-06-28T01:44:43.840280Z 0 [Warning] [MY-011810] [Server] Insecure configuration for --pid-file: Location '/var/run/mysqld' in the path is accessible to all OS users. Consider choosing a different directory.
2020-06-28T01:44:43.885570Z 0 [System] [MY-010931] [Server] /usr/sbin/mysqld: ready for connections. Version: '8.0.18'  socket: '/var/run/mysqld/mysqld.sock'  port: 3306  MySQL Community Server - GPL.
2020-06-28T01:44:44.001382Z 0 [System] [MY-011323] [Server] X Plugin ready for connections. Socket: '/var/run/mysqld/mysqlx.sock' bind-address: '::' port: 33060
2020-06-28T01:46:07.390807Z 0 [System] [MY-010910] [Server] /usr/sbin/mysqld: Shutdown complete (mysqld 8.0.18)  MySQL Community Server - GPL.
2020-06-28T01:53:37.897842Z 0 [Warning] [MY-011070] [Server] 'Disabling symbolic links using --skip-symbolic-links (or equivalent) is the default. Consider not using this option as it' is deprecated and will be removed in a future release.
2020-06-28T01:53:37.897869Z 0 [Warning] [MY-011068] [Server] The syntax 'expire-logs-days' is deprecated and will be removed in a future release. Please use binlog_expire_logs_seconds instead.
2020-06-28T01:53:37.898359Z 0 [System] [MY-010116] [Server] /usr/sbin/mysqld (mysqld 8.0.18) starting as process 1
2020-06-28T01:53:38.779153Z 0 [Warning] [MY-010068] [Server] CA certificate ca.pem is self signed.
2020-06-28T01:53:38.795466Z 0 [Warning] [MY-011810] [Server] Insecure configuration for --pid-file: Location '/var/run/mysqld' in the path is accessible to all OS users. Consider choosing a different directory.
2020-06-28T01:53:38.858229Z 0 [System] [MY-010931] [Server] /usr/sbin/mysqld: ready for connections. Version: '8.0.18'  socket: '/var/run/mysqld/mysqld.sock'  port: 3306  MySQL Community Server - GPL.
2020-06-28T01:53:38.934145Z 0 [System] [MY-011323] [Server] X Plugin ready for connections. Socket: '/var/run/mysqld/mysqlx.sock' bind-address: '::' port: 33060
2020-06-28T01:53:49.226630Z 0 [System] [MY-010910] [Server] /usr/sbin/mysqld: Shutdown complete (mysqld 8.0.18)  MySQL Community Server - GPL.
2020-06-28T01:54:41.962991Z 0 [Warning] [MY-011070] [Server] 'Disabling symbolic links using --skip-symbolic-links (or equivalent) is the default. Consider not using this option as it' is deprecated and will be removed in a future release.
2020-06-28T01:54:41.963015Z 0 [Warning] [MY-011068] [Server] The syntax 'expire-logs-days' is deprecated and will be removed in a future release. Please use binlog_expire_logs_seconds instead.
2020-06-28T01:54:41.963707Z 0 [System] [MY-010116] [Server] /usr/sbin/mysqld (mysqld 8.0.18) starting as process 1
2020-06-28T01:54:42.888619Z 0 [Warning] [MY-010068] [Server] CA certificate ca.pem is self signed.
2020-06-28T01:54:42.901986Z 0 [Warning] [MY-011810] [Server] Insecure configuration for --pid-file: Location '/var/run/mysqld' in the path is accessible to all OS users. Consider choosing a different directory.
2020-06-28T01:54:42.949966Z 0 [System] [MY-010931] [Server] /usr/sbin/mysqld: ready for connections. Version: '8.0.18'  socket: '/var/run/mysqld/mysqld.sock'  port: 3306  MySQL Community Server - GPL.
2020-06-28T01:54:43.044186Z 0 [System] [MY-011323] [Server] X Plugin ready for connections. Socket: '/var/run/mysqld/mysqlx.sock' bind-address: '::' port: 33060
2020-06-28T01:55:24.353701Z 0 [System] [MY-010910] [Server] /usr/sbin/mysqld: Shutdown complete (mysqld 8.0.18)  MySQL Community Server - GPL.
2020-06-28T01:56:17.454205Z 0 [Warning] [MY-011070] [Server] 'Disabling symbolic links using --skip-symbolic-links (or equivalent) is the default. Consider not using this option as it' is deprecated and will be removed in a future release.
2020-06-28T01:56:17.454233Z 0 [Warning] [MY-011068] [Server] The syntax 'expire-logs-days' is deprecated and will be removed in a future release. Please use binlog_expire_logs_seconds instead.
2020-06-28T01:56:17.454886Z 0 [System] [MY-010116] [Server] /usr/sbin/mysqld (mysqld 8.0.18) starting as process 1
2020-06-28T01:56:18.452404Z 0 [Warning] [MY-010068] [Server] CA certificate ca.pem is self signed.
2020-06-28T01:56:18.466778Z 0 [Warning] [MY-011810] [Server] Insecure configuration for --pid-file: Location '/var/run/mysqld' in the path is accessible to all OS users. Consider choosing a different directory.
2020-06-28T01:56:18.512105Z 0 [System] [MY-010931] [Server] /usr/sbin/mysqld: ready for connections. Version: '8.0.18'  socket: '/var/run/mysqld/mysqld.sock'  port: 3306  MySQL Community Server - GPL.
2020-06-28T01:56:18.574988Z 0 [System] [MY-011323] [Server] X Plugin ready for connections. Socket: '/var/run/mysqld/mysqlx.sock' bind-address: '::' port: 33060
2020-06-28T01:57:35.865070Z 0 [System] [MY-010910] [Server] /usr/sbin/mysqld: Shutdown complete (mysqld 8.0.18)  MySQL Community Server - GPL.
2020-06-28T01:57:57.462253Z 0 [Warning] [MY-011070] [Server] 'Disabling symbolic links using --skip-symbolic-links (or equivalent) is the default. Consider not using this option as it' is deprecated and will be removed in a future release.
2020-06-28T01:57:57.462271Z 0 [Warning] [MY-011068] [Server] The syntax 'expire-logs-days' is deprecated and will be removed in a future release. Please use binlog_expire_logs_seconds instead.
2020-06-28T01:57:57.463314Z 0 [System] [MY-010116] [Server] /usr/sbin/mysqld (mysqld 8.0.18) starting as process 1
2020-06-28T01:57:58.293693Z 0 [Warning] [MY-010068] [Server] CA certificate ca.pem is self signed.
2020-06-28T01:57:58.305786Z 0 [Warning] [MY-011810] [Server] Insecure configuration for --pid-file: Location '/var/run/mysqld' in the path is accessible to all OS users. Consider choosing a different directory.
2020-06-28T01:57:58.344594Z 0 [System] [MY-010931] [Server] /usr/sbin/mysqld: ready for connections. Version: '8.0.18'  socket: '/var/run/mysqld/mysqld.sock'  port: 3306  MySQL Community Server - GPL.
2020-06-28T01:57:58.473977Z 0 [System] [MY-011323] [Server] X Plugin ready for connections. Socket: '/var/run/mysqld/mysqlx.sock' bind-address: '::' port: 33060
2020-06-28T01:59:32.827824Z 0 [System] [MY-010910] [Server] /usr/sbin/mysqld: Shutdown complete (mysqld 8.0.18)  MySQL Community Server - GPL.
2020-06-28T01:59:54.928530Z 0 [Warning] [MY-011070] [Server] 'Disabling symbolic links using --skip-symbolic-links (or equivalent) is the default. Consider not using this option as it' is deprecated and will be removed in a future release.
2020-06-28T01:59:54.928551Z 0 [Warning] [MY-011068] [Server] The syntax 'expire-logs-days' is deprecated and will be removed in a future release. Please use binlog_expire_logs_seconds instead.
2020-06-28T01:59:54.929228Z 0 [System] [MY-010116] [Server] /usr/sbin/mysqld (mysqld 8.0.18) starting as process 1
2020-06-28T01:59:55.606122Z 0 [Warning] [MY-010068] [Server] CA certificate ca.pem is self signed.
2020-06-28T01:59:55.613870Z 0 [Warning] [MY-011810] [Server] Insecure configuration for --pid-file: Location '/var/run/mysqld' in the path is accessible to all OS users. Consider choosing a different directory.
2020-06-28T01:59:55.642743Z 0 [System] [MY-010931] [Server] /usr/sbin/mysqld: ready for connections. Version: '8.0.18'  socket: '/var/run/mysqld/mysqld.sock'  port: 3306  MySQL Community Server - GPL.
2020-06-28T01:59:55.801516Z 0 [System] [MY-011323] [Server] X Plugin ready for connections. Socket: '/var/run/mysqld/mysqlx.sock' bind-address: '::' port: 33060
2020-06-28T02:00:38.837608Z 0 [System] [MY-010910] [Server] /usr/sbin/mysqld: Shutdown complete (mysqld 8.0.18)  MySQL Community Server - GPL.
2020-06-28T02:00:42.656656Z 0 [Warning] [MY-011070] [Server] 'Disabling symbolic links using --skip-symbolic-links (or equivalent) is the default. Consider not using this option as it' is deprecated and will be removed in a future release.
2020-06-28T02:00:42.656675Z 0 [Warning] [MY-011068] [Server] The syntax 'expire-logs-days' is deprecated and will be removed in a future release. Please use binlog_expire_logs_seconds instead.
2020-06-28T02:00:42.657519Z 0 [System] [MY-010116] [Server] /usr/sbin/mysqld (mysqld 8.0.18) starting as process 1
2020-06-28T02:00:43.243378Z 0 [Warning] [MY-010068] [Server] CA certificate ca.pem is self signed.
2020-06-28T02:00:43.251235Z 0 [Warning] [MY-011810] [Server] Insecure configuration for --pid-file: Location '/var/run/mysqld' in the path is accessible to all OS users. Consider choosing a different directory.
2020-06-28T02:00:43.282233Z 0 [System] [MY-010931] [Server] /usr/sbin/mysqld: ready for connections. Version: '8.0.18'  socket: '/var/run/mysqld/mysqld.sock'  port: 3306  MySQL Community Server - GPL.
2020-06-28T02:00:43.435167Z 0 [System] [MY-011323] [Server] X Plugin ready for connections. Socket: '/var/run/mysqld/mysqlx.sock' bind-address: '::' port: 33060
2020-06-28T02:00:47.402766Z 0 [System] [MY-010910] [Server] /usr/sbin/mysqld: Shutdown complete (mysqld 8.0.18)  MySQL Community Server - GPL.
2020-06-28T02:37:25.117649Z 0 [Warning] [MY-011070] [Server] 'Disabling symbolic links using --skip-symbolic-links (or equivalent) is the default. Consider not using this option as it' is deprecated and will be removed in a future release.
2020-06-28T02:37:25.117668Z 0 [Warning] [MY-011068] [Server] The syntax 'expire-logs-days' is deprecated and will be removed in a future release. Please use binlog_expire_logs_seconds instead.
2020-06-28T02:37:25.118396Z 0 [System] [MY-010116] [Server] /usr/sbin/mysqld (mysqld 8.0.18) starting as process 1
2020-06-28T02:37:26.050490Z 0 [Warning] [MY-010068] [Server] CA certificate ca.pem is self signed.
2020-06-28T02:37:26.063491Z 0 [Warning] [MY-011810] [Server] Insecure configuration for --pid-file: Location '/var/run/mysqld' in the path is accessible to all OS users. Consider choosing a different directory.
2020-06-28T02:37:26.131393Z 0 [System] [MY-010931] [Server] /usr/sbin/mysqld: ready for connections. Version: '8.0.18'  socket: '/var/run/mysqld/mysqld.sock'  port: 3306  MySQL Community Server - GPL.
2020-06-28T02:37:26.203474Z 0 [System] [MY-011323] [Server] X Plugin ready for connections. Socket: '/var/run/mysqld/mysqlx.sock' bind-address: '::' port: 33060
2020-06-28T02:37:36.460844Z 0 [System] [MY-010910] [Server] /usr/sbin/mysqld: Shutdown complete (mysqld 8.0.18)  MySQL Community Server - GPL.
2020-06-28T02:40:18.695644Z 0 [Warning] [MY-011070] [Server] 'Disabling symbolic links using --skip-symbolic-links (or equivalent) is the default. Consider not using this option as it' is deprecated and will be removed in a future release.
2020-06-28T02:40:18.695662Z 0 [Warning] [MY-011068] [Server] The syntax 'expire-logs-days' is deprecated and will be removed in a future release. Please use binlog_expire_logs_seconds instead.
2020-06-28T02:40:18.696414Z 0 [System] [MY-010116] [Server] /usr/sbin/mysqld (mysqld 8.0.18) starting as process 1
2020-06-28T02:40:19.628223Z 0 [Warning] [MY-010068] [Server] CA certificate ca.pem is self signed.
2020-06-28T02:40:19.640258Z 0 [Warning] [MY-011810] [Server] Insecure configuration for --pid-file: Location '/var/run/mysqld' in the path is accessible to all OS users. Consider choosing a different directory.
2020-06-28T02:40:19.699482Z 0 [System] [MY-010931] [Server] /usr/sbin/mysqld: ready for connections. Version: '8.0.18'  socket: '/var/run/mysqld/mysqld.sock'  port: 3306  MySQL Community Server - GPL.
2020-06-28T02:40:19.798191Z 0 [System] [MY-011323] [Server] X Plugin ready for connections. Socket: '/var/run/mysqld/mysqlx.sock' bind-address: '::' port: 33060
2020-06-28T02:40:23.099027Z 0 [System] [MY-010910] [Server] /usr/sbin/mysqld: Shutdown complete (mysqld 8.0.18)  MySQL Community Server - GPL.
2020-06-28T05:40:09.401440Z 0 [Warning] [MY-011070] [Server] 'Disabling symbolic links using --skip-symbolic-links (or equivalent) is the default. Consider not using this option as it' is deprecated and will be removed in a future release.
2020-06-28T05:40:09.401481Z 0 [Warning] [MY-011068] [Server] The syntax 'expire-logs-days' is deprecated and will be removed in a future release. Please use binlog_expire_logs_seconds instead.
2020-06-28T05:40:09.402147Z 0 [System] [MY-010116] [Server] /usr/sbin/mysqld (mysqld 8.0.18) starting as process 1
2020-06-28T05:40:10.325469Z 0 [Warning] [MY-010068] [Server] CA certificate ca.pem is self signed.
2020-06-28T05:40:10.338678Z 0 [Warning] [MY-011810] [Server] Insecure configuration for --pid-file: Location '/var/run/mysqld' in the path is accessible to all OS users. Consider choosing a different directory.
2020-06-28T05:40:10.390309Z 0 [System] [MY-010931] [Server] /usr/sbin/mysqld: ready for connections. Version: '8.0.18'  socket: '/var/run/mysqld/mysqld.sock'  port: 3306  MySQL Community Server - GPL.
2020-06-28T05:40:10.493522Z 0 [System] [MY-011323] [Server] X Plugin ready for connections. Socket: '/var/run/mysqld/mysqlx.sock' bind-address: '::' port: 33060
2020-06-28T05:41:29.789639Z 0 [System] [MY-010910] [Server] /usr/sbin/mysqld: Shutdown complete (mysqld 8.0.18)  MySQL Community Server - GPL.
2020-06-28T13:20:43.896677Z 0 [Warning] [MY-011070] [Server] 'Disabling symbolic links using --skip-symbolic-links (or equivalent) is the default. Consider not using this option as it' is deprecated and will be removed in a future release.
2020-06-28T13:20:43.896717Z 0 [Warning] [MY-011068] [Server] The syntax 'expire-logs-days' is deprecated and will be removed in a future release. Please use binlog_expire_logs_seconds instead.
2020-06-28T13:20:43.897624Z 0 [System] [MY-010116] [Server] /usr/sbin/mysqld (mysqld 8.0.18) starting as process 1
2020-06-28T13:20:44.914726Z 0 [Warning] [MY-010068] [Server] CA certificate ca.pem is self signed.
2020-06-28T13:20:44.926533Z 0 [Warning] [MY-011810] [Server] Insecure configuration for --pid-file: Location '/var/run/mysqld' in the path is accessible to all OS users. Consider choosing a different directory.
2020-06-28T13:20:44.988617Z 0 [System] [MY-010931] [Server] /usr/sbin/mysqld: ready for connections. Version: '8.0.18'  socket: '/var/run/mysqld/mysqld.sock'  port: 3306  MySQL Community Server - GPL.
2020-06-28T13:20:45.052224Z 0 [System] [MY-011323] [Server] X Plugin ready for connections. Socket: '/var/run/mysqld/mysqlx.sock' bind-address: '::' port: 33060
2020-06-28T13:32:09.216564Z 0 [System] [MY-010910] [Server] /usr/sbin/mysqld: Shutdown complete (mysqld 8.0.18)  MySQL Community Server - GPL.
2020-06-28T13:32:19.191100Z 0 [Warning] [MY-011070] [Server] 'Disabling symbolic links using --skip-symbolic-links (or equivalent) is the default. Consider not using this option as it' is deprecated and will be removed in a future release.
2020-06-28T13:32:19.191140Z 0 [Warning] [MY-011068] [Server] The syntax 'expire-logs-days' is deprecated and will be removed in a future release. Please use binlog_expire_logs_seconds instead.
2020-06-28T13:32:19.191666Z 0 [System] [MY-010116] [Server] /usr/sbin/mysqld (mysqld 8.0.18) starting as process 1
2020-06-28T13:32:20.175688Z 0 [Warning] [MY-010068] [Server] CA certificate ca.pem is self signed.
2020-06-28T13:32:20.190502Z 0 [Warning] [MY-011810] [Server] Insecure configuration for --pid-file: Location '/var/run/mysqld' in the path is accessible to all OS users. Consider choosing a different directory.
2020-06-28T13:32:20.241290Z 0 [System] [MY-010931] [Server] /usr/sbin/mysqld: ready for connections. Version: '8.0.18'  socket: '/var/run/mysqld/mysqld.sock'  port: 3306  MySQL Community Server - GPL.
2020-06-28T13:32:20.319931Z 0 [System] [MY-011323] [Server] X Plugin ready for connections. Socket: '/var/run/mysqld/mysqlx.sock' bind-address: '::' port: 33060
2020-06-28T13:32:52.595318Z 0 [System] [MY-010910] [Server] /usr/sbin/mysqld: Shutdown complete (mysqld 8.0.18)  MySQL Community Server - GPL.
2020-06-28T13:35:03.327815Z 0 [Warning] [MY-011070] [Server] 'Disabling symbolic links using --skip-symbolic-links (or equivalent) is the default. Consider not using this option as it' is deprecated and will be removed in a future release.
2020-06-28T13:35:03.327850Z 0 [Warning] [MY-011068] [Server] The syntax 'expire-logs-days' is deprecated and will be removed in a future release. Please use binlog_expire_logs_seconds instead.
2020-06-28T13:35:03.328800Z 0 [System] [MY-010116] [Server] /usr/sbin/mysqld (mysqld 8.0.18) starting as process 1
2020-06-28T13:35:04.203728Z 0 [Warning] [MY-010068] [Server] CA certificate ca.pem is self signed.
2020-06-28T13:35:04.216238Z 0 [Warning] [MY-011810] [Server] Insecure configuration for --pid-file: Location '/var/run/mysqld' in the path is accessible to all OS users. Consider choosing a different directory.
2020-06-28T13:35:04.267174Z 0 [System] [MY-010931] [Server] /usr/sbin/mysqld: ready for connections. Version: '8.0.18'  socket: '/var/run/mysqld/mysqld.sock'  port: 3306  MySQL Community Server - GPL.
2020-06-28T13:35:04.369143Z 0 [System] [MY-011323] [Server] X Plugin ready for connections. Socket: '/var/run/mysqld/mysqlx.sock' bind-address: '::' port: 33060
2020-06-28T13:35:08.612767Z 0 [System] [MY-010910] [Server] /usr/sbin/mysqld: Shutdown complete (mysqld 8.0.18)  MySQL Community Server - GPL.
2020-06-28T13:42:04.296590Z 0 [Warning] [MY-011070] [Server] 'Disabling symbolic links using --skip-symbolic-links (or equivalent) is the default. Consider not using this option as it' is deprecated and will be removed in a future release.
2020-06-28T13:42:04.296628Z 0 [Warning] [MY-011068] [Server] The syntax 'expire-logs-days' is deprecated and will be removed in a future release. Please use binlog_expire_logs_seconds instead.
2020-06-28T13:42:04.297230Z 0 [System] [MY-010116] [Server] /usr/sbin/mysqld (mysqld 8.0.18) starting as process 1
2020-06-28T13:42:05.111517Z 0 [Warning] [MY-010068] [Server] CA certificate ca.pem is self signed.
2020-06-28T13:42:05.123502Z 0 [Warning] [MY-011810] [Server] Insecure configuration for --pid-file: Location '/var/run/mysqld' in the path is accessible to all OS users. Consider choosing a different directory.
2020-06-28T13:42:05.165562Z 0 [System] [MY-010931] [Server] /usr/sbin/mysqld: ready for connections. Version: '8.0.18'  socket: '/var/run/mysqld/mysqld.sock'  port: 3306  MySQL Community Server - GPL.
2020-06-28T13:42:05.264539Z 0 [System] [MY-011323] [Server] X Plugin ready for connections. Socket: '/var/run/mysqld/mysqlx.sock' bind-address: '::' port: 33060
2020-06-28T13:44:12.519415Z 0 [System] [MY-010910] [Server] /usr/sbin/mysqld: Shutdown complete (mysqld 8.0.18)  MySQL Community Server - GPL.
2020-06-28T13:44:13.688514Z 0 [Warning] [MY-011070] [Server] 'Disabling symbolic links using --skip-symbolic-links (or equivalent) is the default. Consider not using this option as it' is deprecated and will be removed in a future release.
2020-06-28T13:44:13.688548Z 0 [Warning] [MY-011068] [Server] The syntax 'expire-logs-days' is deprecated and will be removed in a future release. Please use binlog_expire_logs_seconds instead.
2020-06-28T13:44:13.689345Z 0 [System] [MY-010116] [Server] /usr/sbin/mysqld (mysqld 8.0.18) starting as process 1
2020-06-28T13:44:14.477291Z 0 [Warning] [MY-010068] [Server] CA certificate ca.pem is self signed.
2020-06-28T13:44:14.487797Z 0 [Warning] [MY-011810] [Server] Insecure configuration for --pid-file: Location '/var/run/mysqld' in the path is accessible to all OS users. Consider choosing a different directory.
2020-06-28T13:44:14.534212Z 0 [System] [MY-010931] [Server] /usr/sbin/mysqld: ready for connections. Version: '8.0.18'  socket: '/var/run/mysqld/mysqld.sock'  port: 3306  MySQL Community Server - GPL.
2020-06-28T13:44:14.627695Z 0 [System] [MY-011323] [Server] X Plugin ready for connections. Socket: '/var/run/mysqld/mysqlx.sock' bind-address: '::' port: 33060
2020-06-28T13:44:36.927227Z 0 [System] [MY-010910] [Server] /usr/sbin/mysqld: Shutdown complete (mysqld 8.0.18)  MySQL Community Server - GPL.
2020-06-28T13:45:44.985612Z 0 [Warning] [MY-011070] [Server] 'Disabling symbolic links using --skip-symbolic-links (or equivalent) is the default. Consider not using this option as it' is deprecated and will be removed in a future release.
2020-06-28T13:45:44.985649Z 0 [Warning] [MY-011068] [Server] The syntax 'expire-logs-days' is deprecated and will be removed in a future release. Please use binlog_expire_logs_seconds instead.
2020-06-28T13:45:44.986538Z 0 [System] [MY-010116] [Server] /usr/sbin/mysqld (mysqld 8.0.18) starting as process 1
2020-06-28T13:45:45.811273Z 0 [Warning] [MY-010068] [Server] CA certificate ca.pem is self signed.
2020-06-28T13:45:45.822990Z 0 [Warning] [MY-011810] [Server] Insecure configuration for --pid-file: Location '/var/run/mysqld' in the path is accessible to all OS users. Consider choosing a different directory.
2020-06-28T13:45:45.863768Z 0 [System] [MY-010931] [Server] /usr/sbin/mysqld: ready for connections. Version: '8.0.18'  socket: '/var/run/mysqld/mysqld.sock'  port: 3306  MySQL Community Server - GPL.
2020-06-28T13:45:45.961586Z 0 [System] [MY-011323] [Server] X Plugin ready for connections. Socket: '/var/run/mysqld/mysqlx.sock' bind-address: '::' port: 33060
2020-06-28T13:46:20.270014Z 0 [System] [MY-010910] [Server] /usr/sbin/mysqld: Shutdown complete (mysqld 8.0.18)  MySQL Community Server - GPL.
2020-06-28T13:51:27.472838Z 0 [Warning] [MY-011070] [Server] 'Disabling symbolic links using --skip-symbolic-links (or equivalent) is the default. Consider not using this option as it' is deprecated and will be removed in a future release.
2020-06-28T13:51:27.472864Z 0 [Warning] [MY-011068] [Server] The syntax 'expire-logs-days' is deprecated and will be removed in a future release. Please use binlog_expire_logs_seconds instead.
2020-06-28T13:51:27.473875Z 0 [System] [MY-010116] [Server] /usr/sbin/mysqld (mysqld 8.0.18) starting as process 1
2020-06-28T13:51:28.462670Z 0 [Warning] [MY-010068] [Server] CA certificate ca.pem is self signed.
2020-06-28T13:51:28.477776Z 0 [Warning] [MY-011810] [Server] Insecure configuration for --pid-file: Location '/var/run/mysqld' in the path is accessible to all OS users. Consider choosing a different directory.
2020-06-28T13:51:28.526261Z 0 [System] [MY-010931] [Server] /usr/sbin/mysqld: ready for connections. Version: '8.0.18'  socket: '/var/run/mysqld/mysqld.sock'  port: 3306  MySQL Community Server - GPL.
2020-06-28T13:51:28.616984Z 0 [System] [MY-011323] [Server] X Plugin ready for connections. Socket: '/var/run/mysqld/mysqlx.sock' bind-address: '::' port: 33060
2020-06-28T13:51:46.869367Z 0 [System] [MY-010910] [Server] /usr/sbin/mysqld: Shutdown complete (mysqld 8.0.18)  MySQL Community Server - GPL.
2020-06-29T13:29:56.902644Z 0 [Warning] [MY-011070] [Server] 'Disabling symbolic links using --skip-symbolic-links (or equivalent) is the default. Consider not using this option as it' is deprecated and will be removed in a future release.
2020-06-29T13:29:56.902664Z 0 [Warning] [MY-011068] [Server] The syntax 'expire-logs-days' is deprecated and will be removed in a future release. Please use binlog_expire_logs_seconds instead.
2020-06-29T13:29:56.903645Z 0 [System] [MY-010116] [Server] /usr/sbin/mysqld (mysqld 8.0.18) starting as process 1
2020-06-29T13:29:57.806911Z 0 [Warning] [MY-010068] [Server] CA certificate ca.pem is self signed.
2020-06-29T13:29:57.818578Z 0 [Warning] [MY-011810] [Server] Insecure configuration for --pid-file: Location '/var/run/mysqld' in the path is accessible to all OS users. Consider choosing a different directory.
2020-06-29T13:29:57.873152Z 0 [System] [MY-010931] [Server] /usr/sbin/mysqld: ready for connections. Version: '8.0.18'  socket: '/var/run/mysqld/mysqld.sock'  port: 3306  MySQL Community Server - GPL.
2020-06-29T13:29:57.984845Z 0 [System] [MY-011323] [Server] X Plugin ready for connections. Socket: '/var/run/mysqld/mysqlx.sock' bind-address: '::' port: 33060
2020-06-29T13:30:34.276557Z 0 [System] [MY-010910] [Server] /usr/sbin/mysqld: Shutdown complete (mysqld 8.0.18)  MySQL Community Server - GPL.
2020-06-29T13:30:35.456127Z 0 [Warning] [MY-011070] [Server] 'Disabling symbolic links using --skip-symbolic-links (or equivalent) is the default. Consider not using this option as it' is deprecated and will be removed in a future release.
2020-06-29T13:30:35.456146Z 0 [Warning] [MY-011068] [Server] The syntax 'expire-logs-days' is deprecated and will be removed in a future release. Please use binlog_expire_logs_seconds instead.
2020-06-29T13:30:35.456720Z 0 [System] [MY-010116] [Server] /usr/sbin/mysqld (mysqld 8.0.18) starting as process 1
2020-06-29T13:30:36.207452Z 0 [Warning] [MY-010068] [Server] CA certificate ca.pem is self signed.
2020-06-29T13:30:36.219401Z 0 [Warning] [MY-011810] [Server] Insecure configuration for --pid-file: Location '/var/run/mysqld' in the path is accessible to all OS users. Consider choosing a different directory.
2020-06-29T13:30:36.264322Z 0 [System] [MY-010931] [Server] /usr/sbin/mysqld: ready for connections. Version: '8.0.18'  socket: '/var/run/mysqld/mysqld.sock'  port: 3306  MySQL Community Server - GPL.
2020-06-29T13:30:36.392059Z 0 [System] [MY-011323] [Server] X Plugin ready for connections. Socket: '/var/run/mysqld/mysqlx.sock' bind-address: '::' port: 33060
2020-06-29T13:40:06.171180Z 0 [System] [MY-010910] [Server] /usr/sbin/mysqld: Shutdown complete (mysqld 8.0.18)  MySQL Community Server - GPL.
2020-06-29T13:40:14.715304Z 0 [Warning] [MY-011070] [Server] 'Disabling symbolic links using --skip-symbolic-links (or equivalent) is the default. Consider not using this option as it' is deprecated and will be removed in a future release.
2020-06-29T13:40:14.715322Z 0 [Warning] [MY-011068] [Server] The syntax 'expire-logs-days' is deprecated and will be removed in a future release. Please use binlog_expire_logs_seconds instead.
2020-06-29T13:40:14.715758Z 0 [System] [MY-010116] [Server] /usr/sbin/mysqld (mysqld 8.0.18) starting as process 1
2020-06-29T13:40:15.600923Z 0 [Warning] [MY-010068] [Server] CA certificate ca.pem is self signed.
2020-06-29T13:40:15.611085Z 0 [Warning] [MY-011810] [Server] Insecure configuration for --pid-file: Location '/var/run/mysqld' in the path is accessible to all OS users. Consider choosing a different directory.
2020-06-29T13:40:15.647967Z 0 [System] [MY-010931] [Server] /usr/sbin/mysqld: ready for connections. Version: '8.0.18'  socket: '/var/run/mysqld/mysqld.sock'  port: 3306  MySQL Community Server - GPL.
2020-06-29T13:40:15.763198Z 0 [System] [MY-011323] [Server] X Plugin ready for connections. Socket: '/var/run/mysqld/mysqlx.sock' bind-address: '::' port: 33060
2020-06-29T13:42:08.178881Z 0 [System] [MY-010910] [Server] /usr/sbin/mysqld: Shutdown complete (mysqld 8.0.18)  MySQL Community Server - GPL.
2020-06-29T13:42:18.192174Z 0 [Warning] [MY-011070] [Server] 'Disabling symbolic links using --skip-symbolic-links (or equivalent) is the default. Consider not using this option as it' is deprecated and will be removed in a future release.
2020-06-29T13:42:18.192191Z 0 [Warning] [MY-011068] [Server] The syntax 'expire-logs-days' is deprecated and will be removed in a future release. Please use binlog_expire_logs_seconds instead.
2020-06-29T13:42:18.193092Z 0 [System] [MY-010116] [Server] /usr/sbin/mysqld (mysqld 8.0.18) starting as process 1
2020-06-29T13:42:19.040692Z 0 [Warning] [MY-010068] [Server] CA certificate ca.pem is self signed.
2020-06-29T13:42:19.051061Z 0 [Warning] [MY-011810] [Server] Insecure configuration for --pid-file: Location '/var/run/mysqld' in the path is accessible to all OS users. Consider choosing a different directory.
2020-06-29T13:42:19.086623Z 0 [System] [MY-010931] [Server] /usr/sbin/mysqld: ready for connections. Version: '8.0.18'  socket: '/var/run/mysqld/mysqld.sock'  port: 3306  MySQL Community Server - GPL.
2020-06-29T13:42:19.211324Z 0 [System] [MY-011323] [Server] X Plugin ready for connections. Socket: '/var/run/mysqld/mysqlx.sock' bind-address: '::' port: 33060
2020-06-29T13:43:40.620523Z 0 [System] [MY-010910] [Server] /usr/sbin/mysqld: Shutdown complete (mysqld 8.0.18)  MySQL Community Server - GPL.
2020-06-29T13:48:02.121238Z 0 [Warning] [MY-011070] [Server] 'Disabling symbolic links using --skip-symbolic-links (or equivalent) is the default. Consider not using this option as it' is deprecated and will be removed in a future release.
2020-06-29T13:48:02.121266Z 0 [Warning] [MY-011068] [Server] The syntax 'expire-logs-days' is deprecated and will be removed in a future release. Please use binlog_expire_logs_seconds instead.
2020-06-29T13:48:02.121939Z 0 [System] [MY-010116] [Server] /usr/sbin/mysqld (mysqld 8.0.18) starting as process 1
2020-06-29T13:48:03.033095Z 0 [Warning] [MY-010068] [Server] CA certificate ca.pem is self signed.
2020-06-29T13:48:03.043759Z 0 [Warning] [MY-011810] [Server] Insecure configuration for --pid-file: Location '/var/run/mysqld' in the path is accessible to all OS users. Consider choosing a different directory.
2020-06-29T13:48:03.089876Z 0 [System] [MY-010931] [Server] /usr/sbin/mysqld: ready for connections. Version: '8.0.18'  socket: '/var/run/mysqld/mysqld.sock'  port: 3306  MySQL Community Server - GPL.
2020-06-29T13:48:03.199993Z 0 [System] [MY-011323] [Server] X Plugin ready for connections. Socket: '/var/run/mysqld/mysqlx.sock' bind-address: '::' port: 33060
2020-06-29T13:51:58.654830Z 0 [System] [MY-010910] [Server] /usr/sbin/mysqld: Shutdown complete (mysqld 8.0.18)  MySQL Community Server - GPL.
2020-06-29T13:52:08.899178Z 0 [Warning] [MY-011070] [Server] 'Disabling symbolic links using --skip-symbolic-links (or equivalent) is the default. Consider not using this option as it' is deprecated and will be removed in a future release.
2020-06-29T13:52:08.899197Z 0 [Warning] [MY-011068] [Server] The syntax 'expire-logs-days' is deprecated and will be removed in a future release. Please use binlog_expire_logs_seconds instead.
2020-06-29T13:52:08.899739Z 0 [System] [MY-010116] [Server] /usr/sbin/mysqld (mysqld 8.0.18) starting as process 1
2020-06-29T13:52:09.670018Z 0 [Warning] [MY-010068] [Server] CA certificate ca.pem is self signed.
2020-06-29T13:52:09.679184Z 0 [Warning] [MY-011810] [Server] Insecure configuration for --pid-file: Location '/var/run/mysqld' in the path is accessible to all OS users. Consider choosing a different directory.
2020-06-29T13:52:09.712286Z 0 [System] [MY-010931] [Server] /usr/sbin/mysqld: ready for connections. Version: '8.0.18'  socket: '/var/run/mysqld/mysqld.sock'  port: 3306  MySQL Community Server - GPL.
2020-06-29T13:52:09.860217Z 0 [System] [MY-011323] [Server] X Plugin ready for connections. Socket: '/var/run/mysqld/mysqlx.sock' bind-address: '::' port: 33060
2020-06-29T13:54:23.275257Z 0 [System] [MY-010910] [Server] /usr/sbin/mysqld: Shutdown complete (mysqld 8.0.18)  MySQL Community Server - GPL.
2020-06-30T02:13:23.258249Z 0 [Warning] [MY-011070] [Server] 'Disabling symbolic links using --skip-symbolic-links (or equivalent) is the default. Consider not using this option as it' is deprecated and will be removed in a future release.
2020-06-30T02:13:23.258264Z 0 [Warning] [MY-011068] [Server] The syntax 'expire-logs-days' is deprecated and will be removed in a future release. Please use binlog_expire_logs_seconds instead.
2020-06-30T02:13:23.259585Z 0 [System] [MY-013169] [Server] /usr/sbin/mysqld (mysqld 8.0.18) initializing of server in progress as process 48
2020-06-30T02:13:26.873484Z 0 [Warning] [MY-010161] [Server] You need to use --log-bin to make --expire_logs_days work.
2020-06-30T02:13:27.913288Z 5 [Warning] [MY-010453] [Server] root@localhost is created with an empty password ! Please consider switching off the --initialize-insecure option.
2020-06-30T02:13:40.091633Z 0 [Warning] [MY-011070] [Server] 'Disabling symbolic links using --skip-symbolic-links (or equivalent) is the default. Consider not using this option as it' is deprecated and will be removed in a future release.
2020-06-30T02:13:40.091665Z 0 [Warning] [MY-011068] [Server] The syntax 'expire-logs-days' is deprecated and will be removed in a future release. Please use binlog_expire_logs_seconds instead.
2020-06-30T02:13:40.094194Z 0 [System] [MY-010116] [Server] /usr/sbin/mysqld (mysqld 8.0.18) starting as process 97
2020-06-30T02:13:42.586953Z 0 [Warning] [MY-010068] [Server] CA certificate ca.pem is self signed.
2020-06-30T02:13:42.610202Z 0 [Warning] [MY-011810] [Server] Insecure configuration for --pid-file: Location '/var/run/mysqld' in the path is accessible to all OS users. Consider choosing a different directory.
2020-06-30T02:13:42.676762Z 0 [System] [MY-010931] [Server] /usr/sbin/mysqld: ready for connections. Version: '8.0.18'  socket: '/var/run/mysqld/mysqld.sock'  port: 0  MySQL Community Server - GPL.
2020-06-30T02:13:42.740507Z 0 [System] [MY-011323] [Server] X Plugin ready for connections. Socket: '/var/run/mysqld/mysqlx.sock'
2020-06-30T02:13:52.515673Z 10 [System] [MY-013172] [Server] Received SHUTDOWN from user root. Shutting down mysqld (Version: 8.0.18).
2020-06-30T02:13:54.276520Z 0 [System] [MY-010910] [Server] /usr/sbin/mysqld: Shutdown complete (mysqld 8.0.18)  MySQL Community Server - GPL.
2020-06-30T02:13:54.833796Z 0 [Warning] [MY-011070] [Server] 'Disabling symbolic links using --skip-symbolic-links (or equivalent) is the default. Consider not using this option as it' is deprecated and will be removed in a future release.
2020-06-30T02:13:54.833874Z 0 [Warning] [MY-011068] [Server] The syntax 'expire-logs-days' is deprecated and will be removed in a future release. Please use binlog_expire_logs_seconds instead.
2020-06-30T02:13:54.834483Z 0 [System] [MY-010116] [Server] /usr/sbin/mysqld (mysqld 8.0.18) starting as process 1
2020-06-30T02:13:55.757008Z 0 [Warning] [MY-010068] [Server] CA certificate ca.pem is self signed.
2020-06-30T02:13:55.774218Z 0 [Warning] [MY-011810] [Server] Insecure configuration for --pid-file: Location '/var/run/mysqld' in the path is accessible to all OS users. Consider choosing a different directory.
2020-06-30T02:13:55.819685Z 0 [System] [MY-010931] [Server] /usr/sbin/mysqld: ready for connections. Version: '8.0.18'  socket: '/var/run/mysqld/mysqld.sock'  port: 3306  MySQL Community Server - GPL.
2020-06-30T02:13:56.069582Z 0 [System] [MY-011323] [Server] X Plugin ready for connections. Socket: '/var/run/mysqld/mysqlx.sock' bind-address: '::' port: 33060
2020-06-30T02:13:59.396051Z 0 [Warning] [MY-011070] [Server] 'Disabling symbolic links using --skip-symbolic-links (or equivalent) is the default. Consider not using this option as it' is deprecated and will be removed in a future release.
2020-06-30T02:13:59.396070Z 0 [Warning] [MY-011068] [Server] The syntax 'expire-logs-days' is deprecated and will be removed in a future release. Please use binlog_expire_logs_seconds instead.
2020-06-30T02:13:59.396713Z 0 [System] [MY-010116] [Server] /usr/sbin/mysqld (mysqld 8.0.18) starting as process 1
2020-06-30T02:14:00.731891Z 0 [System] [MY-010229] [Server] Starting crash recovery...
2020-06-30T02:14:00.742782Z 0 [System] [MY-010232] [Server] Crash recovery finished.
2020-06-30T02:14:00.801697Z 0 [Warning] [MY-010068] [Server] CA certificate ca.pem is self signed.
2020-06-30T02:14:00.813675Z 0 [Warning] [MY-011810] [Server] Insecure configuration for --pid-file: Location '/var/run/mysqld' in the path is accessible to all OS users. Consider choosing a different directory.
2020-06-30T02:14:00.848132Z 0 [System] [MY-010931] [Server] /usr/sbin/mysqld: ready for connections. Version: '8.0.18'  socket: '/var/run/mysqld/mysqld.sock'  port: 3306  MySQL Community Server - GPL.
2020-06-30T02:14:00.966999Z 0 [System] [MY-011323] [Server] X Plugin ready for connections. Socket: '/var/run/mysqld/mysqlx.sock' bind-address: '::' port: 33060
2020-06-30T02:33:34.123463Z 0 [System] [MY-010910] [Server] /usr/sbin/mysqld: Shutdown complete (mysqld 8.0.18)  MySQL Community Server - GPL.
2020-06-30T06:30:17.354259Z 0 [Warning] [MY-011070] [Server] 'Disabling symbolic links using --skip-symbolic-links (or equivalent) is the default. Consider not using this option as it' is deprecated and will be removed in a future release.
2020-06-30T06:30:17.354285Z 0 [Warning] [MY-011068] [Server] The syntax 'expire-logs-days' is deprecated and will be removed in a future release. Please use binlog_expire_logs_seconds instead.
2020-06-30T06:30:17.355316Z 0 [System] [MY-010116] [Server] /usr/sbin/mysqld (mysqld 8.0.18) starting as process 1
2020-06-30T06:30:18.278624Z 0 [Warning] [MY-010068] [Server] CA certificate ca.pem is self signed.
2020-06-30T06:30:18.290759Z 0 [Warning] [MY-011810] [Server] Insecure configuration for --pid-file: Location '/var/run/mysqld' in the path is accessible to all OS users. Consider choosing a different directory.
2020-06-30T06:30:18.339309Z 0 [System] [MY-010931] [Server] /usr/sbin/mysqld: ready for connections. Version: '8.0.18'  socket: '/var/run/mysqld/mysqld.sock'  port: 3306  MySQL Community Server - GPL.
2020-06-30T06:30:18.434393Z 0 [System] [MY-011323] [Server] X Plugin ready for connections. Socket: '/var/run/mysqld/mysqlx.sock' bind-address: '::' port: 33060
2020-06-30T06:39:07.860156Z 0 [Warning] [MY-011070] [Server] 'Disabling symbolic links using --skip-symbolic-links (or equivalent) is the default. Consider not using this option as it' is deprecated and will be removed in a future release.
2020-06-30T06:39:07.860211Z 0 [Warning] [MY-011068] [Server] The syntax 'expire-logs-days' is deprecated and will be removed in a future release. Please use binlog_expire_logs_seconds instead.
2020-06-30T06:39:07.861261Z 0 [System] [MY-010116] [Server] /usr/sbin/mysqld (mysqld 8.0.18) starting as process 1
2020-06-30T06:39:08.761999Z 0 [System] [MY-010229] [Server] Starting crash recovery...
2020-06-30T06:39:08.772113Z 0 [System] [MY-010232] [Server] Crash recovery finished.
2020-06-30T06:39:08.868462Z 0 [Warning] [MY-010068] [Server] CA certificate ca.pem is self signed.
2020-06-30T06:39:08.877397Z 0 [Warning] [MY-011810] [Server] Insecure configuration for --pid-file: Location '/var/run/mysqld' in the path is accessible to all OS users. Consider choosing a different directory.
2020-06-30T06:39:08.919199Z 0 [System] [MY-010931] [Server] /usr/sbin/mysqld: ready for connections. Version: '8.0.18'  socket: '/var/run/mysqld/mysqld.sock'  port: 3306  MySQL Community Server - GPL.
2020-06-30T06:39:08.989287Z 0 [System] [MY-011323] [Server] X Plugin ready for connections. Socket: '/var/run/mysqld/mysqlx.sock' bind-address: '::' port: 33060
2020-06-30T08:43:23.522449Z 0 [System] [MY-010910] [Server] /usr/sbin/mysqld: Shutdown complete (mysqld 8.0.18)  MySQL Community Server - GPL.
2020-06-30T08:44:30.593294Z 0 [Warning] [MY-011070] [Server] 'Disabling symbolic links using --skip-symbolic-links (or equivalent) is the default. Consider not using this option as it' is deprecated and will be removed in a future release.
2020-06-30T08:44:30.593315Z 0 [Warning] [MY-011068] [Server] The syntax 'expire-logs-days' is deprecated and will be removed in a future release. Please use binlog_expire_logs_seconds instead.
2020-06-30T08:44:30.593824Z 0 [System] [MY-010116] [Server] /usr/sbin/mysqld (mysqld 8.0.18) starting as process 1
2020-06-30T08:44:31.767787Z 0 [Warning] [MY-010068] [Server] CA certificate ca.pem is self signed.
2020-06-30T08:44:31.780797Z 0 [Warning] [MY-011810] [Server] Insecure configuration for --pid-file: Location '/var/run/mysqld' in the path is accessible to all OS users. Consider choosing a different directory.
2020-06-30T08:44:31.849803Z 0 [System] [MY-010931] [Server] /usr/sbin/mysqld: ready for connections. Version: '8.0.18'  socket: '/var/run/mysqld/mysqld.sock'  port: 3306  MySQL Community Server - GPL.
2020-06-30T08:44:31.901780Z 0 [System] [MY-011323] [Server] X Plugin ready for connections. Socket: '/var/run/mysqld/mysqlx.sock' bind-address: '::' port: 33060
mbind: Operation not permitted
mbind: Operation not permitted
mbind: Operation not permitted
mbind: Operation not permitted
mbind: Operation not permitted
mbind: Operation not permitted
2020-07-01T02:39:54.599837Z 0 [Warning] [MY-011070] [Server] 'Disabling symbolic links using --skip-symbolic-links (or equivalent) is the default. Consider not using this option as it' is deprecated and will be removed in a future release.
2020-07-01T02:39:54.599906Z 0 [Warning] [MY-011068] [Server] The syntax 'expire-logs-days' is deprecated and will be removed in a future release. Please use binlog_expire_logs_seconds instead.
2020-07-01T02:39:54.600984Z 0 [System] [MY-010116] [Server] /usr/sbin/mysqld (mysqld 8.0.18) starting as process 1
2020-07-01T02:39:56.027732Z 0 [System] [MY-010229] [Server] Starting crash recovery...
2020-07-01T02:39:56.106146Z 0 [System] [MY-010232] [Server] Crash recovery finished.
2020-07-01T02:39:56.215992Z 0 [Warning] [MY-010068] [Server] CA certificate ca.pem is self signed.
2020-07-01T02:39:56.231901Z 0 [Warning] [MY-011810] [Server] Insecure configuration for --pid-file: Location '/var/run/mysqld' in the path is accessible to all OS users. Consider choosing a different directory.
2020-07-01T02:39:56.309347Z 0 [System] [MY-010931] [Server] /usr/sbin/mysqld: ready for connections. Version: '8.0.18'  socket: '/var/run/mysqld/mysqld.sock'  port: 3306  MySQL Community Server - GPL.
2020-07-01T02:39:56.454210Z 0 [System] [MY-011323] [Server] X Plugin ready for connections. Socket: '/var/run/mysqld/mysqlx.sock' bind-address: '::' port: 33060
2020-07-01T02:43:27.428621Z 0 [System] [MY-010910] [Server] /usr/sbin/mysqld: Shutdown complete (mysqld 8.0.18)  MySQL Community Server - GPL.
2020-07-01T02:44:51.720582Z 0 [Warning] [MY-011070] [Server] 'Disabling symbolic links using --skip-symbolic-links (or equivalent) is the default. Consider not using this option as it' is deprecated and will be removed in a future release.
2020-07-01T02:44:51.720610Z 0 [Warning] [MY-011068] [Server] The syntax 'expire-logs-days' is deprecated and will be removed in a future release. Please use binlog_expire_logs_seconds instead.
2020-07-01T02:44:51.721411Z 0 [System] [MY-010116] [Server] /usr/sbin/mysqld (mysqld 8.0.18) starting as process 1
2020-07-01T02:44:52.723480Z 0 [Warning] [MY-010068] [Server] CA certificate ca.pem is self signed.
2020-07-01T02:44:52.737615Z 0 [Warning] [MY-011810] [Server] Insecure configuration for --pid-file: Location '/var/run/mysqld' in the path is accessible to all OS users. Consider choosing a different directory.
2020-07-01T02:44:52.800174Z 0 [System] [MY-010931] [Server] /usr/sbin/mysqld: ready for connections. Version: '8.0.18'  socket: '/var/run/mysqld/mysqld.sock'  port: 3306  MySQL Community Server - GPL.
2020-07-01T02:44:52.869466Z 0 [System] [MY-011323] [Server] X Plugin ready for connections. Socket: '/var/run/mysqld/mysqlx.sock' bind-address: '::' port: 33060
2020-07-01T03:19:29.144096Z 0 [System] [MY-010910] [Server] /usr/sbin/mysqld: Shutdown complete (mysqld 8.0.18)  MySQL Community Server - GPL.
2020-07-01T03:19:43.612758Z 0 [Warning] [MY-011070] [Server] 'Disabling symbolic links using --skip-symbolic-links (or equivalent) is the default. Consider not using this option as it' is deprecated and will be removed in a future release.
2020-07-01T03:19:43.612789Z 0 [Warning] [MY-011068] [Server] The syntax 'expire-logs-days' is deprecated and will be removed in a future release. Please use binlog_expire_logs_seconds instead.
2020-07-01T03:19:43.613354Z 0 [System] [MY-010116] [Server] /usr/sbin/mysqld (mysqld 8.0.18) starting as process 1
2020-07-01T03:19:44.566657Z 0 [Warning] [MY-010068] [Server] CA certificate ca.pem is self signed.
2020-07-01T03:19:44.579261Z 0 [Warning] [MY-011810] [Server] Insecure configuration for --pid-file: Location '/var/run/mysqld' in the path is accessible to all OS users. Consider choosing a different directory.
2020-07-01T03:19:44.616061Z 0 [System] [MY-010931] [Server] /usr/sbin/mysqld: ready for connections. Version: '8.0.18'  socket: '/var/run/mysqld/mysqld.sock'  port: 3306  MySQL Community Server - GPL.
2020-07-01T03:19:44.665364Z 0 [System] [MY-011323] [Server] X Plugin ready for connections. Socket: '/var/run/mysqld/mysqlx.sock' bind-address: '::' port: 33060
2020-07-01T07:39:39.145508Z 0 [System] [MY-010910] [Server] /usr/sbin/mysqld: Shutdown complete (mysqld 8.0.18)  MySQL Community Server - GPL.
2020-07-01T07:52:26.502778Z 0 [Warning] [MY-011070] [Server] 'Disabling symbolic links using --skip-symbolic-links (or equivalent) is the default. Consider not using this option as it' is deprecated and will be removed in a future release.
2020-07-01T07:52:26.502826Z 0 [Warning] [MY-011068] [Server] The syntax 'expire-logs-days' is deprecated and will be removed in a future release. Please use binlog_expire_logs_seconds instead.
2020-07-01T07:52:26.503569Z 0 [System] [MY-010116] [Server] /usr/sbin/mysqld (mysqld 8.0.18) starting as process 1
2020-07-01T07:52:27.541703Z 0 [Warning] [MY-010068] [Server] CA certificate ca.pem is self signed.
2020-07-01T07:52:27.553745Z 0 [Warning] [MY-011810] [Server] Insecure configuration for --pid-file: Location '/var/run/mysqld' in the path is accessible to all OS users. Consider choosing a different directory.
2020-07-01T07:52:27.635206Z 0 [System] [MY-010931] [Server] /usr/sbin/mysqld: ready for connections. Version: '8.0.18'  socket: '/var/run/mysqld/mysqld.sock'  port: 3306  MySQL Community Server - GPL.
2020-07-01T07:52:27.675640Z 0 [System] [MY-011323] [Server] X Plugin ready for connections. Socket: '/var/run/mysqld/mysqlx.sock' bind-address: '::' port: 33060
2020-07-01T07:53:24.835918Z 0 [System] [MY-010910] [Server] /usr/sbin/mysqld: Shutdown complete (mysqld 8.0.18)  MySQL Community Server - GPL.
2020-07-01T07:53:26.271122Z 0 [Warning] [MY-011070] [Server] 'Disabling symbolic links using --skip-symbolic-links (or equivalent) is the default. Consider not using this option as it' is deprecated and will be removed in a future release.
2020-07-01T07:53:26.271150Z 0 [Warning] [MY-011068] [Server] The syntax 'expire-logs-days' is deprecated and will be removed in a future release. Please use binlog_expire_logs_seconds instead.
2020-07-01T07:53:26.271779Z 0 [System] [MY-010116] [Server] /usr/sbin/mysqld (mysqld 8.0.18) starting as process 1
2020-07-01T07:53:27.139931Z 0 [Warning] [MY-010068] [Server] CA certificate ca.pem is self signed.
2020-07-01T07:53:27.150949Z 0 [Warning] [MY-011810] [Server] Insecure configuration for --pid-file: Location '/var/run/mysqld' in the path is accessible to all OS users. Consider choosing a different directory.
2020-07-01T07:53:27.200007Z 0 [System] [MY-010931] [Server] /usr/sbin/mysqld: ready for connections. Version: '8.0.18'  socket: '/var/run/mysqld/mysqld.sock'  port: 3306  MySQL Community Server - GPL.
2020-07-01T07:53:27.281181Z 0 [System] [MY-011323] [Server] X Plugin ready for connections. Socket: '/var/run/mysqld/mysqlx.sock' bind-address: '::' port: 33060
2020-07-01T07:53:34.538251Z 0 [System] [MY-010910] [Server] /usr/sbin/mysqld: Shutdown complete (mysqld 8.0.18)  MySQL Community Server - GPL.
2020-07-01T07:55:43.580546Z 0 [Warning] [MY-011070] [Server] 'Disabling symbolic links using --skip-symbolic-links (or equivalent) is the default. Consider not using this option as it' is deprecated and will be removed in a future release.
2020-07-01T07:55:43.580620Z 0 [Warning] [MY-011068] [Server] The syntax 'expire-logs-days' is deprecated and will be removed in a future release. Please use binlog_expire_logs_seconds instead.
2020-07-01T07:55:43.581109Z 0 [System] [MY-010116] [Server] /usr/sbin/mysqld (mysqld 8.0.18) starting as process 1
2020-07-01T07:55:44.488556Z 0 [Warning] [MY-010068] [Server] CA certificate ca.pem is self signed.
2020-07-01T07:55:44.500432Z 0 [Warning] [MY-011810] [Server] Insecure configuration for --pid-file: Location '/var/run/mysqld' in the path is accessible to all OS users. Consider choosing a different directory.
2020-07-01T07:55:44.560660Z 0 [System] [MY-010931] [Server] /usr/sbin/mysqld: ready for connections. Version: '8.0.18'  socket: '/var/run/mysqld/mysqld.sock'  port: 3306  MySQL Community Server - GPL.
2020-07-01T07:55:44.604424Z 0 [System] [MY-011323] [Server] X Plugin ready for connections. Socket: '/var/run/mysqld/mysqlx.sock' bind-address: '::' port: 33060
2020-07-01T08:12:12.711416Z 0 [System] [MY-010910] [Server] /usr/sbin/mysqld: Shutdown complete (mysqld 8.0.18)  MySQL Community Server - GPL.
2020-07-01T08:39:42.954490Z 0 [Warning] [MY-011070] [Server] 'Disabling symbolic links using --skip-symbolic-links (or equivalent) is the default. Consider not using this option as it' is deprecated and will be removed in a future release.
2020-07-01T08:39:42.954524Z 0 [Warning] [MY-011068] [Server] The syntax 'expire-logs-days' is deprecated and will be removed in a future release. Please use binlog_expire_logs_seconds instead.
2020-07-01T08:39:42.955031Z 0 [System] [MY-010116] [Server] /usr/sbin/mysqld (mysqld 8.0.18) starting as process 1
2020-07-01T08:39:44.070693Z 0 [Warning] [MY-010068] [Server] CA certificate ca.pem is self signed.
2020-07-01T08:39:44.082679Z 0 [Warning] [MY-011810] [Server] Insecure configuration for --pid-file: Location '/var/run/mysqld' in the path is accessible to all OS users. Consider choosing a different directory.
2020-07-01T08:39:44.153285Z 0 [System] [MY-010931] [Server] /usr/sbin/mysqld: ready for connections. Version: '8.0.18'  socket: '/var/run/mysqld/mysqld.sock'  port: 3306  MySQL Community Server - GPL.
2020-07-01T08:39:44.406407Z 0 [System] [MY-011323] [Server] X Plugin ready for connections. Socket: '/var/run/mysqld/mysqlx.sock' bind-address: '::' port: 33060
2020-07-02T09:02:32.789088Z 0 [Warning] [MY-011070] [Server] 'Disabling symbolic links using --skip-symbolic-links (or equivalent) is the default. Consider not using this option as it' is deprecated and will be removed in a future release.
2020-07-02T09:02:32.789110Z 0 [Warning] [MY-011068] [Server] The syntax 'expire-logs-days' is deprecated and will be removed in a future release. Please use binlog_expire_logs_seconds instead.
2020-07-02T09:02:32.790118Z 0 [System] [MY-010116] [Server] /usr/sbin/mysqld (mysqld 8.0.18) starting as process 1
2020-07-02T09:02:33.713557Z 0 [System] [MY-010229] [Server] Starting crash recovery...
2020-07-02T09:02:33.725007Z 0 [System] [MY-010232] [Server] Crash recovery finished.
2020-07-02T09:02:33.804544Z 0 [Warning] [MY-010068] [Server] CA certificate ca.pem is self signed.
2020-07-02T09:02:33.816428Z 0 [Warning] [MY-011810] [Server] Insecure configuration for --pid-file: Location '/var/run/mysqld' in the path is accessible to all OS users. Consider choosing a different directory.
2020-07-02T09:02:33.867929Z 0 [System] [MY-010931] [Server] /usr/sbin/mysqld: ready for connections. Version: '8.0.18'  socket: '/var/run/mysqld/mysqld.sock'  port: 3306  MySQL Community Server - GPL.
2020-07-02T09:02:33.947617Z 0 [System] [MY-011323] [Server] X Plugin ready for connections. Socket: '/var/run/mysqld/mysqlx.sock' bind-address: '::' port: 33060
2020-07-02T09:02:47.124200Z 0 [System] [MY-010910] [Server] /usr/sbin/mysqld: Shutdown complete (mysqld 8.0.18)  MySQL Community Server - GPL.
2020-07-02T09:03:54.608009Z 0 [Warning] [MY-011070] [Server] 'Disabling symbolic links using --skip-symbolic-links (or equivalent) is the default. Consider not using this option as it' is deprecated and will be removed in a future release.
2020-07-02T09:03:54.608028Z 0 [Warning] [MY-011068] [Server] The syntax 'expire-logs-days' is deprecated and will be removed in a future release. Please use binlog_expire_logs_seconds instead.
2020-07-02T09:03:54.608446Z 0 [System] [MY-010116] [Server] /usr/sbin/mysqld (mysqld 8.0.18) starting as process 1
2020-07-02T09:03:55.444187Z 0 [Warning] [MY-010068] [Server] CA certificate ca.pem is self signed.
2020-07-02T09:03:55.454364Z 0 [Warning] [MY-011810] [Server] Insecure configuration for --pid-file: Location '/var/run/mysqld' in the path is accessible to all OS users. Consider choosing a different directory.
2020-07-02T09:03:55.498793Z 0 [System] [MY-010931] [Server] /usr/sbin/mysqld: ready for connections. Version: '8.0.18'  socket: '/var/run/mysqld/mysqld.sock'  port: 3306  MySQL Community Server - GPL.
2020-07-02T09:03:55.602602Z 0 [System] [MY-011323] [Server] X Plugin ready for connections. Socket: '/var/run/mysqld/mysqlx.sock' bind-address: '::' port: 33060
